{"C:\\Users\\dell\\Desktop\\springboot333w4\\src\\main\\resources\\admin\\admin\\src\\icons\\index.js": {"path":"C:\\Users\\dell\\Desktop\\springboot333w4\\src\\main\\resources\\admin\\admin\\src\\icons\\index.js","statementMap":{"0":{"start":{"line":5,"column":0},"end":{"line":5,"column":34}},"1":{"start":{"line":7,"column":12},"end":{"line":7,"column":57}},"2":{"start":{"line":8,"column":19},"end":{"line":8,"column":78}},"3":{"start":{"line":8,"column":37},"end":{"line":8,"column":78}},"4":{"start":{"line":9,"column":0},"end":{"line":9,"column":15}}},"fnMap":{"0":{"name":"(anonymous_0)","decl":{"start":{"line":8,"column":19},"end":{"line":8,"column":20}},"loc":{"start":{"line":8,"column":37},"end":{"line":8,"column":78}},"line":8}},"branchMap":{},"s":{"0":0,"1":0,"2":0,"3":0,"4":0},"f":{"0":0},"b":{}}
,"C:\\Users\\dell\\Desktop\\springboot333w4\\src\\main\\resources\\admin\\admin\\src\\router\\router-static.js": {"path":"C:\\Users\\dell\\Desktop\\springboot333w4\\src\\main\\resources\\admin\\admin\\src\\router\\router-static.js","statementMap":{"0":{"start":{"line":4,"column":0},"end":{"line":4,"column":19}},"1":{"start":{"line":37,"column":15},"end":{"line":187,"column":1}},"2":{"start":{"line":189,"column":15},"end":{"line":193,"column":2}}},"fnMap":{},"branchMap":{},"s":{"0":0,"1":0,"2":0},"f":{},"b":{}}
,"C:\\Users\\dell\\Desktop\\springboot333w4\\src\\main\\resources\\admin\\admin\\src\\store\\store.js": {"path":"C:\\Users\\dell\\Desktop\\springboot333w4\\src\\main\\resources\\admin\\admin\\src\\store\\store.js","statementMap":{},"fnMap":{},"branchMap":{},"s":{},"f":{},"b":{}}
,"C:\\Users\\dell\\Desktop\\springboot333w4\\src\\main\\resources\\admin\\admin\\src\\utils\\api.js": {"path":"C:\\Users\\dell\\Desktop\\springboot333w4\\src\\main\\resources\\admin\\admin\\src\\utils\\api.js","statementMap":{"0":{"start":{"line":1,"column":12},"end":{"line":15,"column":1}}},"fnMap":{},"branchMap":{},"s":{"0":0},"f":{},"b":{}}
,"C:\\Users\\dell\\Desktop\\springboot333w4\\src\\main\\resources\\admin\\admin\\src\\utils\\base.js": {"path":"C:\\Users\\dell\\Desktop\\springboot333w4\\src\\main\\resources\\admin\\admin\\src\\utils\\base.js","statementMap":{"0":{"start":{"line":1,"column":13},"end":{"line":15,"column":1}},"1":{"start":{"line":3,"column":8},"end":{"line":8,"column":10}},"2":{"start":{"line":11,"column":8},"end":{"line":13,"column":9}}},"fnMap":{"0":{"name":"(anonymous_0)","decl":{"start":{"line":2,"column":4},"end":{"line":2,"column":5}},"loc":{"start":{"line":2,"column":10},"end":{"line":9,"column":5}},"line":2},"1":{"name":"(anonymous_1)","decl":{"start":{"line":10,"column":4},"end":{"line":10,"column":5}},"loc":{"start":{"line":10,"column":20},"end":{"line":14,"column":5}},"line":10}},"branchMap":{},"s":{"0":0,"1":0,"2":0},"f":{"0":0,"1":0},"b":{}}
,"C:\\Users\\dell\\Desktop\\springboot333w4\\src\\main\\resources\\admin\\admin\\src\\utils\\http.js": {"path":"C:\\Users\\dell\\Desktop\\springboot333w4\\src\\main\\resources\\admin\\admin\\src\\utils\\http.js","statementMap":{"0":{"start":{"line":5,"column":13},"end":{"line":12,"column":2}},"1":{"start":{"line":14,"column":0},"end":{"line":19,"column":2}},"2":{"start":{"line":15,"column":4},"end":{"line":15,"column":50}},"3":{"start":{"line":16,"column":4},"end":{"line":16,"column":17}},"4":{"start":{"line":18,"column":4},"end":{"line":18,"column":32}},"5":{"start":{"line":21,"column":0},"end":{"line":28,"column":2}},"6":{"start":{"line":22,"column":4},"end":{"line":24,"column":5}},"7":{"start":{"line":23,"column":8},"end":{"line":23,"column":38}},"8":{"start":{"line":25,"column":4},"end":{"line":25,"column":19}},"9":{"start":{"line":27,"column":4},"end":{"line":27,"column":32}}},"fnMap":{"0":{"name":"(anonymous_0)","decl":{"start":{"line":14,"column":30},"end":{"line":14,"column":31}},"loc":{"start":{"line":14,"column":40},"end":{"line":17,"column":1}},"line":14},"1":{"name":"(anonymous_1)","decl":{"start":{"line":17,"column":3},"end":{"line":17,"column":4}},"loc":{"start":{"line":17,"column":12},"end":{"line":19,"column":1}},"line":17},"2":{"name":"(anonymous_2)","decl":{"start":{"line":21,"column":31},"end":{"line":21,"column":32}},"loc":{"start":{"line":21,"column":43},"end":{"line":26,"column":1}},"line":21},"3":{"name":"(anonymous_3)","decl":{"start":{"line":26,"column":3},"end":{"line":26,"column":4}},"loc":{"start":{"line":26,"column":12},"end":{"line":28,"column":1}},"line":26}},"branchMap":{"0":{"loc":{"start":{"line":22,"column":4},"end":{"line":24,"column":5}},"type":"if","locations":[{"start":{"line":22,"column":4},"end":{"line":24,"column":5}},{"start":{},"end":{}}],"line":22},"1":{"loc":{"start":{"line":22,"column":8},"end":{"line":22,"column":51}},"type":"binary-expr","locations":[{"start":{"line":22,"column":8},"end":{"line":22,"column":21}},{"start":{"line":22,"column":25},"end":{"line":22,"column":51}}],"line":22}},"s":{"0":0,"1":0,"2":0,"3":0,"4":0,"5":0,"6":0,"7":0,"8":0,"9":0},"f":{"0":0,"1":0,"2":0,"3":0},"b":{"0":[0,0],"1":[0,0]}}
,"C:\\Users\\dell\\Desktop\\springboot333w4\\src\\main\\resources\\admin\\admin\\src\\utils\\i18n.js": {"path":"C:\\Users\\dell\\Desktop\\springboot333w4\\src\\main\\resources\\admin\\admin\\src\\utils\\i18n.js","statementMap":{"0":{"start":{"line":3,"column":17},"end":{"line":3,"column":43}},"1":{"start":{"line":5,"column":2},"end":{"line":10,"column":3}},"2":{"start":{"line":7,"column":28},"end":{"line":7,"column":53}},"3":{"start":{"line":9,"column":4},"end":{"line":9,"column":26}},"4":{"start":{"line":11,"column":2},"end":{"line":11,"column":14}}},"fnMap":{"0":{"name":"generateTitle","decl":{"start":{"line":2,"column":16},"end":{"line":2,"column":29}},"loc":{"start":{"line":2,"column":37},"end":{"line":12,"column":1}},"line":2}},"branchMap":{"0":{"loc":{"start":{"line":5,"column":2},"end":{"line":10,"column":3}},"type":"if","locations":[{"start":{"line":5,"column":2},"end":{"line":10,"column":3}},{"start":{},"end":{}}],"line":5}},"s":{"0":0,"1":0,"2":0,"3":0,"4":0},"f":{"0":0},"b":{"0":[0,0]}}
,"C:\\Users\\dell\\Desktop\\springboot333w4\\src\\main\\resources\\admin\\admin\\src\\utils\\menu.js": {"path":"C:\\Users\\dell\\Desktop\\springboot333w4\\src\\main\\resources\\admin\\admin\\src\\utils\\menu.js","statementMap":{"0":{"start":{"line":1,"column":13},"end":{"line":256,"column":1}},"1":{"start":{"line":3,"column":8},"end":{"line":254,"column":11}}},"fnMap":{"0":{"name":"(anonymous_0)","decl":{"start":{"line":2,"column":4},"end":{"line":2,"column":5}},"loc":{"start":{"line":2,"column":10},"end":{"line":255,"column":5}},"line":2}},"branchMap":{},"s":{"0":0,"1":0},"f":{"0":0},"b":{}}
,"C:\\Users\\dell\\Desktop\\springboot333w4\\src\\main\\resources\\admin\\admin\\src\\utils\\request.js": {"path":"C:\\Users\\dell\\Desktop\\springboot333w4\\src\\main\\resources\\admin\\admin\\src\\utils\\request.js","statementMap":{"0":{"start":{"line":2,"column":16},"end":{"line":5,"column":2}}},"fnMap":{},"branchMap":{},"s":{"0":0},"f":{},"b":{}}
,"C:\\Users\\dell\\Desktop\\springboot333w4\\src\\main\\resources\\admin\\admin\\src\\utils\\storage.js": {"path":"C:\\Users\\dell\\Desktop\\springboot333w4\\src\\main\\resources\\admin\\admin\\src\\utils\\storage.js","statementMap":{"0":{"start":{"line":1,"column":16},"end":{"line":17,"column":1}},"1":{"start":{"line":3,"column":8},"end":{"line":3,"column":57}},"2":{"start":{"line":6,"column":8},"end":{"line":6,"column":102}},"3":{"start":{"line":9,"column":8},"end":{"line":9,"column":84}},"4":{"start":{"line":12,"column":8},"end":{"line":12,"column":37}},"5":{"start":{"line":15,"column":1},"end":{"line":15,"column":22}}},"fnMap":{"0":{"name":"(anonymous_0)","decl":{"start":{"line":2,"column":4},"end":{"line":2,"column":5}},"loc":{"start":{"line":2,"column":20},"end":{"line":4,"column":5}},"line":2},"1":{"name":"(anonymous_1)","decl":{"start":{"line":5,"column":4},"end":{"line":5,"column":5}},"loc":{"start":{"line":5,"column":13},"end":{"line":7,"column":5}},"line":5},"2":{"name":"(anonymous_2)","decl":{"start":{"line":8,"column":4},"end":{"line":8,"column":5}},"loc":{"start":{"line":8,"column":16},"end":{"line":10,"column":5}},"line":8},"3":{"name":"(anonymous_3)","decl":{"start":{"line":11,"column":4},"end":{"line":11,"column":5}},"loc":{"start":{"line":11,"column":16},"end":{"line":13,"column":5}},"line":11},"4":{"name":"(anonymous_4)","decl":{"start":{"line":14,"column":4},"end":{"line":14,"column":5}},"loc":{"start":{"line":14,"column":12},"end":{"line":16,"column":5}},"line":14}},"branchMap":{"0":{"loc":{"start":{"line":6,"column":15},"end":{"line":6,"column":101}},"type":"cond-expr","locations":[{"start":{"line":6,"column":41},"end":{"line":6,"column":98}},{"start":{"line":6,"column":99},"end":{"line":6,"column":101}}],"line":6},"1":{"loc":{"start":{"line":9,"column":15},"end":{"line":9,"column":83}},"type":"cond-expr","locations":[{"start":{"line":9,"column":41},"end":{"line":9,"column":78}},{"start":{"line":9,"column":79},"end":{"line":9,"column":83}}],"line":9}},"s":{"0":0,"1":0,"2":0,"3":0,"4":0,"5":0},"f":{"0":0,"1":0,"2":0,"3":0,"4":0},"b":{"0":[0,0],"1":[0,0]}}
,"C:\\Users\\dell\\Desktop\\springboot333w4\\src\\main\\resources\\admin\\admin\\src\\utils\\utils.js": {"path":"C:\\Users\\dell\\Desktop\\springboot333w4\\src\\main\\resources\\admin\\admin\\src\\utils\\utils.js","statementMap":{"0":{"start":{"line":8,"column":15},"end":{"line":8,"column":34}},"1":{"start":{"line":9,"column":4},"end":{"line":11,"column":5}},"2":{"start":{"line":10,"column":8},"end":{"line":10,"column":21}},"3":{"start":{"line":12,"column":16},"end":{"line":12,"column":27}},"4":{"start":{"line":13,"column":4},"end":{"line":24,"column":5}},"5":{"start":{"line":13,"column":14},"end":{"line":13,"column":15}},"6":{"start":{"line":14,"column":8},"end":{"line":23,"column":9}},"7":{"start":{"line":15,"column":12},"end":{"line":22,"column":13}},"8":{"start":{"line":15,"column":22},"end":{"line":15,"column":23}},"9":{"start":{"line":16,"column":16},"end":{"line":21,"column":17}},"10":{"start":{"line":16,"column":26},"end":{"line":16,"column":27}},"11":{"start":{"line":17,"column":20},"end":{"line":20,"column":21}},"12":{"start":{"line":18,"column":38},"end":{"line":18,"column":85}},"13":{"start":{"line":19,"column":24},"end":{"line":19,"column":67}},"14":{"start":{"line":35,"column":4},"end":{"line":35,"column":17}},"15":{"start":{"line":42,"column":22},"end":{"line":42,"column":32}},"16":{"start":{"line":43,"column":11},"end":{"line":43,"column":36}},"17":{"start":{"line":44,"column":12},"end":{"line":44,"column":109}},"18":{"start":{"line":45,"column":10},"end":{"line":45,"column":90}},"19":{"start":{"line":46,"column":11},"end":{"line":46,"column":33}},"20":{"start":{"line":47,"column":13},"end":{"line":47,"column":37}},"21":{"start":{"line":48,"column":13},"end":{"line":48,"column":37}},"22":{"start":{"line":49,"column":4},"end":{"line":49,"column":78}},"23":{"start":{"line":56,"column":22},"end":{"line":56,"column":32}},"24":{"start":{"line":57,"column":11},"end":{"line":57,"column":36}},"25":{"start":{"line":58,"column":12},"end":{"line":58,"column":109}},"26":{"start":{"line":59,"column":10},"end":{"line":59,"column":90}},"27":{"start":{"line":60,"column":4},"end":{"line":60,"column":42}}},"fnMap":{"0":{"name":"isAuth","decl":{"start":{"line":7,"column":16},"end":{"line":7,"column":22}},"loc":{"start":{"line":7,"column":38},"end":{"line":36,"column":1}},"line":7},"1":{"name":"getCurDateTime","decl":{"start":{"line":41,"column":16},"end":{"line":41,"column":30}},"loc":{"start":{"line":41,"column":33},"end":{"line":50,"column":1}},"line":41},"2":{"name":"getCurDate","decl":{"start":{"line":55,"column":16},"end":{"line":55,"column":26}},"loc":{"start":{"line":55,"column":29},"end":{"line":61,"column":1}},"line":55}},"branchMap":{"0":{"loc":{"start":{"line":9,"column":4},"end":{"line":11,"column":5}},"type":"if","locations":[{"start":{"line":9,"column":4},"end":{"line":11,"column":5}},{"start":{},"end":{}}],"line":9},"1":{"loc":{"start":{"line":14,"column":8},"end":{"line":23,"column":9}},"type":"if","locations":[{"start":{"line":14,"column":8},"end":{"line":23,"column":9}},{"start":{},"end":{}}],"line":14},"2":{"loc":{"start":{"line":17,"column":20},"end":{"line":20,"column":21}},"type":"if","locations":[{"start":{"line":17,"column":20},"end":{"line":20,"column":21}},{"start":{},"end":{}}],"line":17},"3":{"loc":{"start":{"line":19,"column":31},"end":{"line":19,"column":67}},"type":"binary-expr","locations":[{"start":{"line":19,"column":31},"end":{"line":19,"column":58}},{"start":{"line":19,"column":62},"end":{"line":19,"column":67}}],"line":19},"4":{"loc":{"start":{"line":44,"column":12},"end":{"line":44,"column":109}},"type":"cond-expr","locations":[{"start":{"line":44,"column":46},"end":{"line":44,"column":80}},{"start":{"line":44,"column":83},"end":{"line":44,"column":109}}],"line":44},"5":{"loc":{"start":{"line":45,"column":10},"end":{"line":45,"column":90}},"type":"cond-expr","locations":[{"start":{"line":45,"column":39},"end":{"line":45,"column":66}},{"start":{"line":45,"column":69},"end":{"line":45,"column":90}}],"line":45},"6":{"loc":{"start":{"line":58,"column":12},"end":{"line":58,"column":109}},"type":"cond-expr","locations":[{"start":{"line":58,"column":46},"end":{"line":58,"column":80}},{"start":{"line":58,"column":83},"end":{"line":58,"column":109}}],"line":58},"7":{"loc":{"start":{"line":59,"column":10},"end":{"line":59,"column":90}},"type":"cond-expr","locations":[{"start":{"line":59,"column":39},"end":{"line":59,"column":66}},{"start":{"line":59,"column":69},"end":{"line":59,"column":90}}],"line":59}},"s":{"0":0,"1":0,"2":0,"3":0,"4":0,"5":0,"6":0,"7":0,"8":0,"9":0,"10":0,"11":0,"12":0,"13":0,"14":0,"15":0,"16":0,"17":0,"18":0,"19":0,"20":0,"21":0,"22":0,"23":0,"24":0,"25":0,"26":0,"27":0},"f":{"0":0,"1":0,"2":0},"b":{"0":[0,0],"1":[0,0],"2":[0,0],"3":[0,0],"4":[0,0],"5":[0,0],"6":[0,0],"7":[0,0]}}
,"C:\\Users\\dell\\Desktop\\springboot333w4\\src\\main\\resources\\admin\\admin\\src\\utils\\validate.js": {"path":"C:\\Users\\dell\\Desktop\\springboot333w4\\src\\main\\resources\\admin\\admin\\src\\utils\\validate.js","statementMap":{"0":{"start":{"line":6,"column":2},"end":{"line":6,"column":82}},"1":{"start":{"line":14,"column":2},"end":{"line":14,"column":31}},"2":{"start":{"line":22,"column":2},"end":{"line":22,"column":45}},"3":{"start":{"line":30,"column":2},"end":{"line":30,"column":35}},"4":{"start":{"line":38,"column":2},"end":{"line":38,"column":88}},"5":{"start":{"line":45,"column":2},"end":{"line":45,"column":35}},"6":{"start":{"line":51,"column":20},"end":{"line":51,"column":62}},"7":{"start":{"line":52,"column":2},"end":{"line":56,"column":3}},"8":{"start":{"line":53,"column":6},"end":{"line":53,"column":19}},"9":{"start":{"line":55,"column":6},"end":{"line":55,"column":18}}},"fnMap":{"0":{"name":"isEmail","decl":{"start":{"line":5,"column":16},"end":{"line":5,"column":23}},"loc":{"start":{"line":5,"column":28},"end":{"line":7,"column":1}},"line":5},"1":{"name":"isMobile","decl":{"start":{"line":13,"column":16},"end":{"line":13,"column":24}},"loc":{"start":{"line":13,"column":29},"end":{"line":15,"column":1}},"line":13},"2":{"name":"isPhone","decl":{"start":{"line":21,"column":16},"end":{"line":21,"column":23}},"loc":{"start":{"line":21,"column":28},"end":{"line":23,"column":1}},"line":21},"3":{"name":"isURL","decl":{"start":{"line":29,"column":16},"end":{"line":29,"column":21}},"loc":{"start":{"line":29,"column":26},"end":{"line":31,"column":1}},"line":29},"4":{"name":"isNumber","decl":{"start":{"line":37,"column":16},"end":{"line":37,"column":24}},"loc":{"start":{"line":37,"column":27},"end":{"line":39,"column":1}},"line":37},"5":{"name":"isIntNumer","decl":{"start":{"line":44,"column":16},"end":{"line":44,"column":26}},"loc":{"start":{"line":44,"column":29},"end":{"line":46,"column":1}},"line":44},"6":{"name":"checkIdCard","decl":{"start":{"line":50,"column":16},"end":{"line":50,"column":27}},"loc":{"start":{"line":50,"column":36},"end":{"line":57,"column":1}},"line":50}},"branchMap":{"0":{"loc":{"start":{"line":52,"column":2},"end":{"line":56,"column":3}},"type":"if","locations":[{"start":{"line":52,"column":2},"end":{"line":56,"column":3}},{"start":{"line":54,"column":9},"end":{"line":56,"column":3}}],"line":52}},"s":{"0":0,"1":0,"2":0,"3":0,"4":0,"5":0,"6":0,"7":0,"8":0,"9":0},"f":{"0":0,"1":0,"2":0,"3":0,"4":0,"5":0,"6":0},"b":{"0":[0,0]}}
}
